[2022-07-27T17:45:39.045] [WARN] warnings - URL: /rutaQueNoExiste, METODO: GET
[2022-07-27T17:45:44.954] [WARN] warnings - URL: /otraRutaQueNoExiste, METODO: GET
[2022-07-27T17:46:38.468] [WARN] warnings - URL: /otraRutaQueNoExiste, METODO: GET
[2022-07-27T17:46:40.580] [WARN] warnings - URL: /jhjh, METODO: GET
[2022-07-27T17:51:50.458] [WARN] warnings - URL: /jhjh, METODO: GET
[2022-08-04T17:27:14.091] [WARN] warnings - URL: /socket.io/socket.io.js, METODO: GET
[2022-08-04T17:27:18.481] [WARN] warnings - URL: /socket.io/socket.io.js, METODO: GET
[2022-08-04T17:28:11.073] [WARN] warnings - URL: /productosgfedgdfrgdh, METODO: GET
[2022-08-04T17:29:12.285] [WARN] warnings - URL: /socket.io/socket.io.js, METODO: GET
[2022-08-04T17:29:13.451] [WARN] warnings - URL: /socket.io/socket.io.js, METODO: GET
[2022-08-04T17:29:13.524] [WARN] warnings - URL: /carrito/62ec2649753778972e7d9914/images/avatar_1659632660870.png, METODO: GET
[2022-08-04T17:30:27.598] [WARN] warnings - URL: /socket.io/socket.io.js, METODO: GET
[2022-08-04T17:30:27.664] [WARN] warnings - URL: /carrito/62ec2649753778972e7d9914/images/avatar_1659632660870.png, METODO: GET
[2022-08-04T17:30:37.566] [WARN] warnings - URL: /socket.io/socket.io.js, METODO: GET
[2022-08-04T17:30:41.999] [WARN] warnings - URL: /socket.io/socket.io.js, METODO: GET
[2022-08-04T17:30:42.046] [WARN] warnings - URL: /carrito/62ec2649753778972e7d9914/images/avatar_1659632660870.png, METODO: GET
[2022-08-04T17:34:11.409] [WARN] warnings - URL: /socket.io/socket.io.js, METODO: GET
[2022-08-04T17:34:13.046] [WARN] warnings - URL: /socket.io/socket.io.js, METODO: GET
[2022-08-04T17:34:13.079] [WARN] warnings - URL: /carrito/62ec2649753778972e7d9914/images/avatar_1659632660870.png, METODO: GET
[2022-08-04T17:34:30.502] [WARN] warnings - URL: /socket.io/socket.io.js, METODO: GET
[2022-08-04T17:34:32.546] [WARN] warnings - URL: /socket.io/socket.io.js, METODO: GET
[2022-08-04T17:35:18.441] [WARN] warnings - URL: /productos/images/avatar_1659632660870.png, METODO: GET
[2022-08-04T18:24:00.289] [WARN] warnings - URL: /micuenta, METODO: GET
[2022-08-05T13:03:20.343] [WARN] warnings - URL: /productos/images/avatar_1659649025190.png, METODO: GET
[2022-08-05T13:03:20.630] [WARN] warnings - URL: /images/, METODO: GET
[2022-08-05T13:03:58.563] [WARN] warnings - URL: /productos/images/avatar_1659649025190.png, METODO: GET
[2022-08-05T13:03:58.858] [WARN] warnings - URL: /images/, METODO: GET
[2022-08-05T13:05:33.223] [WARN] warnings - URL: /productos/images/avatar_1659649025190.png, METODO: GET
[2022-08-05T13:05:33.536] [WARN] warnings - URL: /images/, METODO: GET
[2022-08-05T13:05:57.023] [WARN] warnings - URL: /productos/images/avatar_1659649025190.png, METODO: GET
[2022-08-05T13:05:57.337] [WARN] warnings - URL: /images/, METODO: GET
[2022-08-05T13:07:15.378] [WARN] warnings - URL: /images/, METODO: GET
[2022-08-05T13:07:15.588] [WARN] warnings - URL: /productos/images/avatar_1659649025190.png, METODO: GET
[2022-08-05T13:07:35.870] [WARN] warnings - URL: /productos/images/avatar_1659649025190.png, METODO: GET
[2022-08-05T13:07:35.896] [WARN] warnings - URL: /images/, METODO: GET
[2022-08-05T13:07:43.279] [WARN] warnings - URL: /productos/images/avatar_1659649025190.png, METODO: GET
[2022-08-05T13:07:43.315] [WARN] warnings - URL: /images/, METODO: GET
[2022-08-05T13:07:55.861] [WARN] warnings - URL: /productos/images/avatar_1659649025190.png, METODO: GET
[2022-08-05T13:07:55.862] [WARN] warnings - URL: /images/, METODO: GET
[2022-08-05T13:09:01.535] [WARN] warnings - URL: /productos/images/avatar_1659649025190.png, METODO: GET
[2022-08-05T13:09:01.566] [WARN] warnings - URL: /images/, METODO: GET
[2022-08-05T14:59:52.540] [WARN] warnings - URL: /images/http://rutaimagen.com/, METODO: GET
[2022-08-05T14:59:55.275] [WARN] warnings - URL: /images/http://rutaimagen.com/, METODO: GET
[2022-08-05T15:00:02.901] [WARN] warnings - URL: /images/http://rutaimagen.com/, METODO: GET
[2022-08-05T16:14:46.615] [WARN] warnings - URL: /carrito//productos, METODO: GET
[2022-08-05T16:57:06.702] [WARN] warnings - URL: /carrito//productos, METODO: GET
[2022-08-05T16:57:18.703] [WARN] warnings - URL: /carrito//productos, METODO: GET
[2022-08-10T12:36:21.174] [WARN] warnings - URL: /fewfewwe, METODO: GET
[2022-08-10T12:36:27.833] [WARN] warnings - URL: /productos/frgrgr3/r, METODO: GET
[2022-08-10T12:36:52.059] [WARN] warnings - URL: /productos/frgrgr3/r, METODO: GET
[2022-08-10T12:36:58.116] [WARN] warnings - URL: /productos/frgrgr3/r, METODO: GET
[2022-08-10T12:37:02.932] [WARN] warnings - URL: /productos/frgrgr3/r, METODO: GET
[2022-08-10T12:37:12.841] [WARN] warnings - URL: /productos/frgrgr3/r, METODO: GET
[2022-08-10T12:37:24.578] [WARN] warnings - URL: /productos/frgrgr3/r, METODO: GET
[2022-08-10T12:53:59.446] [WARN] warnings - URL: /productos/images/avatar_1659649025190.png, METODO: GET
[2022-08-10T12:53:59.804] [WARN] warnings - URL: /images/, METODO: GET
[2022-08-10T12:58:13.256] [WARN] warnings - URL: /productos/images/avatar_1659649025190.png, METODO: GET
[2022-08-10T13:06:56.863] [WARN] warnings - URL: /productos/images/avatar_1659649025190.png, METODO: GET
[2022-08-10T13:07:00.486] [WARN] warnings - URL: /productos/images/avatar_1659649025190.png, METODO: GET
[2022-08-10T13:07:29.812] [WARN] warnings - URL: /productos/images/avatar_1659649025190.png, METODO: GET
[2022-08-10T14:56:15.083] [WARN] warnings - URL: /productos/categoria/malbec, METODO: GET
[2022-08-10T14:56:18.843] [WARN] warnings - URL: /productos/categoria/Malbec, METODO: GET
[2022-08-10T14:56:34.180] [WARN] warnings - URL: /productos/categoria/Malbec, METODO: GET
[2022-08-10T14:56:38.427] [WARN] warnings - URL: /productos/categoria/malbec, METODO: GET
[2022-08-10T14:56:59.845] [WARN] warnings - URL: /categoria/malbec, METODO: GET
[2022-08-10T14:57:09.231] [WARN] warnings - URL: /productos/categoria/malbec, METODO: GET
[2022-08-10T14:58:03.427] [WARN] warnings - URL: /productos/categoria/malbec, METODO: GET
[2022-08-10T15:01:45.990] [WARN] warnings - URL: /productos/categoria/images/avatar_1659649025190.png, METODO: GET
[2022-08-10T15:02:07.396] [WARN] warnings - URL: /productos/categoria/images/avatar_1659649025190.png, METODO: GET
[2022-08-10T15:02:11.945] [WARN] warnings - URL: /productos/categoria/images/avatar_1659649025190.png, METODO: GET
[2022-08-10T15:02:26.802] [WARN] warnings - URL: /productos/categoria/images/avatar_1659649025190.png, METODO: GET
[2022-08-10T15:03:25.142] [WARN] warnings - URL: /productos/categoria/images/avatar_1659649025190.png, METODO: GET
[2022-08-10T15:04:08.204] [WARN] warnings - URL: /productos/categoria/images/avatar_1659649025190.png, METODO: GET
[2022-08-10T15:04:27.810] [WARN] warnings - URL: /productos/categoria/images/avatar_1659649025190.png, METODO: GET
[2022-08-10T15:05:12.111] [WARN] warnings - URL: /productos/categoria/images/avatar_1659649025190.png, METODO: GET
[2022-08-10T15:05:34.272] [WARN] warnings - URL: /productos/categoria/images/avatar_1659649025190.png, METODO: GET
[2022-08-10T15:05:58.429] [WARN] warnings - URL: /productos/categoria/images/avatar_1659649025190.png, METODO: GET
[2022-08-10T15:19:24.866] [WARN] warnings - URL: /productos/categoria/images/avatar_1659649025190.png, METODO: GET
[2022-08-10T15:19:28.302] [WARN] warnings - URL: /productos/categoria/images/avatar_1659649025190.png, METODO: GET
[2022-08-10T15:21:25.083] [WARN] warnings - URL: /productos/categoria/images/avatar_1659649025190.png, METODO: GET
[2022-08-10T15:21:48.911] [WARN] warnings - URL: /productos/categoria/images/avatar_1659649025190.png, METODO: GET
[2022-08-10T15:21:50.620] [WARN] warnings - URL: /productos/categoria/images/avatar_1659649025190.png, METODO: GET
[2022-08-10T15:21:51.791] [WARN] warnings - URL: /productos/categoria/images/avatar_1659649025190.png, METODO: GET
[2022-08-10T15:21:53.073] [WARN] warnings - URL: /productos/categoria/images/avatar_1659649025190.png, METODO: GET
[2022-08-10T15:21:54.382] [WARN] warnings - URL: /productos/categoria/images/avatar_1659649025190.png, METODO: GET
[2022-08-10T15:21:56.032] [WARN] warnings - URL: /productos/categoria/images/avatar_1659649025190.png, METODO: GET
[2022-08-10T15:22:27.467] [WARN] warnings - URL: /productos/categoria/images/avatar_1659649025190.png, METODO: GET
[2022-08-10T15:30:01.298] [WARN] warnings - URL: /productos/images/avatar_1659649025190.png, METODO: GET
[2022-08-10T15:30:35.619] [WARN] warnings - URL: /productos/images/avatar_1659649025190.png, METODO: GET
[2022-08-10T15:31:18.931] [WARN] warnings - URL: /productos/images/avatar_1659649025190.png, METODO: GET
[2022-08-10T15:31:25.419] [WARN] warnings - URL: /productos/images/avatar_1659649025190.png, METODO: GET
[2022-08-10T15:32:43.804] [WARN] warnings - URL: /productos/images/avatar_1659649025190.png, METODO: GET
[2022-08-10T15:33:04.783] [WARN] warnings - URL: /productos/images/avatar_1659649025190.png, METODO: GET
[2022-08-10T15:33:10.913] [WARN] warnings - URL: /productos/images/avatar_1659649025190.png, METODO: GET
[2022-08-10T15:35:46.447] [WARN] warnings - URL: /productos/images/avatar_1659649025190.png, METODO: GET
[2022-08-10T15:35:46.992] [WARN] warnings - URL: /images/, METODO: GET
[2022-08-10T15:35:57.644] [WARN] warnings - URL: /productos/images/avatar_1659649025190.png, METODO: GET
[2022-08-10T15:36:08.909] [WARN] warnings - URL: /productos/images/avatar_1659649025190.png, METODO: GET
[2022-08-10T15:36:09.021] [WARN] warnings - URL: /images/, METODO: GET
[2022-08-10T15:37:05.693] [WARN] warnings - URL: /productos/images/avatar_1659649025190.png, METODO: GET
[2022-08-10T15:37:05.797] [WARN] warnings - URL: /images/, METODO: GET
[2022-08-10T15:37:29.754] [WARN] warnings - URL: /productos/images/avatar_1659649025190.png, METODO: GET
[2022-08-10T15:37:29.817] [WARN] warnings - URL: /images/, METODO: GET
[2022-08-10T15:37:36.016] [WARN] warnings - URL: /productos/images/avatar_1659649025190.png, METODO: GET
[2022-08-10T15:37:36.088] [WARN] warnings - URL: /images/, METODO: GET
[2022-08-10T15:38:36.744] [WARN] warnings - URL: /productos/images/avatar_1659649025190.png, METODO: GET
[2022-08-10T15:38:36.839] [WARN] warnings - URL: /images/, METODO: GET
[2022-08-10T15:39:31.780] [WARN] warnings - URL: /productos/images/avatar_1659649025190.png, METODO: GET
[2022-08-10T16:01:09.754] [WARN] warnings - URL: /productos/images/avatar_1659649025190.png, METODO: GET
[2022-08-10T16:48:36.901] [WARN] warnings - URL: /images/, METODO: GET
[2022-08-10T16:49:22.840] [WARN] warnings - URL: /images/, METODO: GET
[2022-08-10T16:49:32.342] [WARN] warnings - URL: /images/, METODO: GET
[2022-08-10T16:49:56.837] [WARN] warnings - URL: /images/, METODO: GET
[2022-08-10T16:50:02.756] [WARN] warnings - URL: /images/, METODO: GET
[2022-08-10T16:50:21.801] [WARN] warnings - URL: /images/, METODO: GET
[2022-08-10T16:54:47.237] [WARN] warnings - URL: /images/, METODO: GET
[2022-08-10T16:57:50.510] [WARN] warnings - URL: /images/, METODO: GET
[2022-08-10T17:06:53.222] [WARN] warnings - URL: /images/, METODO: GET
[2022-08-10T17:06:56.033] [WARN] warnings - URL: /images/, METODO: GET
[2022-08-10T17:10:21.750] [WARN] warnings - URL: /productos/images/avatar_1659649025190.png, METODO: GET
[2022-08-10T17:10:34.921] [WARN] warnings - URL: /productos/images/avatar_1659649025190.png, METODO: GET
[2022-08-10T17:10:52.862] [WARN] warnings - URL: /productos/images/avatar_1659649025190.png, METODO: GET
[2022-08-18T14:16:31.727] [WARN] warnings - URL: /socket.io/socket.io.js, METODO: GET
[2022-08-18T14:20:26.915] [WARN] warnings - URL: /socket.io/socket.io.js, METODO: GET
[2022-08-18T14:21:47.896] [WARN] warnings - URL: /socket.io/socket.io.js, METODO: GET
[2022-08-18T14:24:26.970] [WARN] warnings - URL: /socket.io/socket.io.js, METODO: GET
[2022-08-24T10:18:45.139] [WARN] warnings - URL: /favicon.ico, METODO: GET
[2022-08-24T10:18:50.344] [WARN] warnings - URL: /favicon.ico, METODO: GET
[2022-08-24T10:23:44.789] [WARN] warnings - URL: /favicon.ico, METODO: GET
[2022-08-24T10:23:55.145] [WARN] warnings - URL: /productos/images/avatar_1659649025190.png, METODO: GET
[2022-08-24T10:23:55.923] [WARN] warnings - URL: /favicon.ico, METODO: GET
[2022-08-24T10:29:07.758] [WARN] warnings - URL: /favicon.ico, METODO: GET
[2022-08-24T10:29:12.537] [WARN] warnings - URL: /favicon.ico, METODO: GET
[2022-08-24T10:29:14.455] [WARN] warnings - URL: /favicon.ico, METODO: GET
[2022-08-24T10:29:16.063] [WARN] warnings - URL: /favicon.ico, METODO: GET
[2022-08-24T10:29:20.364] [WARN] warnings - URL: /favicon.ico, METODO: GET
[2022-08-24T10:29:22.737] [WARN] warnings - URL: /favicon.ico, METODO: GET
